<?xml version="1.0" encoding="UTF-8"?>
<testng-results skipped="0" failed="0" total="2" passed="2">
  <reporter-output>
  </reporter-output>
  <suite name="Default suite" duration-ms="19039" started-at="2020-05-08T12:00:34Z" finished-at="2020-05-08T12:00:53Z">
    <groups>
    </groups>
    <test name="Default test" duration-ms="19039" started-at="2020-05-08T12:00:34Z" finished-at="2020-05-08T12:00:53Z">
      <class name="test.Search">
        <test-method status="PASS" signature="beforeSuite()[pri:0, instance:test.Search@2145433b]" name="beforeSuite" is-config="true" duration-ms="14" started-at="2020-05-08T17:30:34Z" finished-at="2020-05-08T17:30:34Z">
          <reporter-output>
          </reporter-output>
        </test-method> <!-- beforeSuite -->
        <test-method status="PASS" signature="beforeTest()[pri:0, instance:test.Search@2145433b]" name="beforeTest" is-config="true" duration-ms="2" started-at="2020-05-08T17:30:34Z" finished-at="2020-05-08T17:30:34Z">
          <reporter-output>
          </reporter-output>
        </test-method> <!-- beforeTest -->
        <test-method status="PASS" signature="beforeClass()[pri:0, instance:test.Search@2145433b]" name="beforeClass" is-config="true" duration-ms="1" started-at="2020-05-08T17:30:34Z" finished-at="2020-05-08T17:30:34Z">
          <reporter-output>
          </reporter-output>
        </test-method> <!-- beforeClass -->
        <test-method status="PASS" signature="beforeMethod()[pri:0, instance:test.Search@2145433b]" name="beforeMethod" is-config="true" duration-ms="8754" started-at="2020-05-08T17:30:34Z" finished-at="2020-05-08T17:30:43Z">
          <reporter-output>
          </reporter-output>
        </test-method> <!-- beforeMethod -->
        <test-method status="PASS" signature="searchGoogle(java.lang.Integer, java.lang.String)[pri:0, instance:test.Search@2145433b]" name="searchGoogle" duration-ms="314" started-at="2020-05-08T17:30:43Z" data-provider="dp" finished-at="2020-05-08T17:30:43Z">
          <params>
            <param index="0">
              <value>
                <![CDATA[1]]>
              </value>
            </param>
            <param index="1">
              <value>
                <![CDATA[a]]>
              </value>
            </param>
          </params>
          <reporter-output>
          </reporter-output>
        </test-method> <!-- searchGoogle -->
        <test-method status="PASS" signature="afterMethod()[pri:0, instance:test.Search@2145433b]" name="afterMethod" is-config="true" duration-ms="1" started-at="2020-05-08T17:30:43Z" finished-at="2020-05-08T17:30:43Z">
          <reporter-output>
          </reporter-output>
        </test-method> <!-- afterMethod -->
        <test-method status="PASS" signature="beforeMethod()[pri:0, instance:test.Search@2145433b]" name="beforeMethod" is-config="true" duration-ms="9823" started-at="2020-05-08T17:30:43Z" finished-at="2020-05-08T17:30:53Z">
          <reporter-output>
          </reporter-output>
        </test-method> <!-- beforeMethod -->
        <test-method status="PASS" signature="searchGoogle(java.lang.Integer, java.lang.String)[pri:0, instance:test.Search@2145433b]" name="searchGoogle" duration-ms="112" started-at="2020-05-08T17:30:53Z" data-provider="dp" finished-at="2020-05-08T17:30:53Z">
          <params>
            <param index="0">
              <value>
                <![CDATA[2]]>
              </value>
            </param>
            <param index="1">
              <value>
                <![CDATA[b]]>
              </value>
            </param>
          </params>
          <reporter-output>
          </reporter-output>
        </test-method> <!-- searchGoogle -->
        <test-method status="PASS" signature="afterMethod()[pri:0, instance:test.Search@2145433b]" name="afterMethod" is-config="true" duration-ms="0" started-at="2020-05-08T17:30:53Z" finished-at="2020-05-08T17:30:53Z">
          <reporter-output>
          </reporter-output>
        </test-method> <!-- afterMethod -->
        <test-method status="PASS" signature="afterClass()[pri:0, instance:test.Search@2145433b]" name="afterClass" is-config="true" duration-ms="0" started-at="2020-05-08T17:30:53Z" finished-at="2020-05-08T17:30:53Z">
          <reporter-output>
          </reporter-output>
        </test-method> <!-- afterClass -->
        <test-method status="PASS" signature="afterTest()[pri:0, instance:test.Search@2145433b]" name="afterTest" is-config="true" duration-ms="1" started-at="2020-05-08T17:30:53Z" finished-at="2020-05-08T17:30:53Z">
          <reporter-output>
          </reporter-output>
        </test-method> <!-- afterTest -->
        <test-method status="PASS" signature="afterSuite()[pri:0, instance:test.Search@2145433b]" name="afterSuite" is-config="true" duration-ms="0" started-at="2020-05-08T17:30:53Z" finished-at="2020-05-08T17:30:53Z">
          <reporter-output>
          </reporter-output>
        </test-method> <!-- afterSuite -->
      </class> <!-- test.Search -->
    </test> <!-- Default test -->
  </suite> <!-- Default suite -->
</testng-results>
